ERROR - 2017-11-26 19:53:26 --> buscarDespesasPorFormaPagamento[resultado]:a:3:{i:0;a:2:{s:4:"Nome";s:25:"MasterCard Universitário";s:5:"Valor";s:1:"4";}i:1;a:2:{s:4:"Nome";s:12:"Visa Saraiva";s:5:"Valor";s:1:"3";}i:2;a:2:{s:4:"Nome";s:13:"Itaucard Gold";s:5:"Valor";s:1:"5";}}
ERROR - 2017-11-26 19:53:55 --> buscarDespesasPorFormaPagamento[resultado]:a:4:{i:0;a:2:{s:4:"Nome";s:25:"MasterCard Universitário";s:5:"Valor";s:1:"4";}i:1;a:2:{s:4:"Nome";s:12:"Visa Saraiva";s:5:"Valor";s:1:"3";}i:2;a:2:{s:4:"Nome";s:13:"Itaucard Gold";s:5:"Valor";s:1:"5";}i:3;a:2:{s:4:"Nome";s:14:"Santander Free";s:5:"Valor";s:1:"1";}}
ERROR - 2017-11-26 19:54:02 --> buscarDespesasPorFormaPagamento[resultado]:a:4:{i:0;a:2:{s:4:"Nome";s:25:"MasterCard Universitário";s:5:"Valor";s:1:"4";}i:1;a:2:{s:4:"Nome";s:12:"Visa Saraiva";s:5:"Valor";s:1:"3";}i:2;a:2:{s:4:"Nome";s:13:"Itaucard Gold";s:5:"Valor";s:1:"5";}i:3;a:2:{s:4:"Nome";s:14:"Santander Free";s:5:"Valor";s:1:"1";}}
ERROR - 2017-11-26 19:55:10 --> buscarDespesasPorFormaPagamento[resultado]:a:4:{i:0;a:2:{s:4:"Nome";s:25:"MasterCard Universitário";s:5:"Valor";s:1:"4";}i:1;a:2:{s:4:"Nome";s:12:"Visa Saraiva";s:5:"Valor";s:1:"3";}i:2;a:2:{s:4:"Nome";s:13:"Itaucard Gold";s:5:"Valor";s:1:"5";}i:3;a:2:{s:4:"Nome";s:14:"Santander Free";s:5:"Valor";s:1:"1";}}
ERROR - 2017-11-26 19:55:33 --> buscarDespesasPorFormaPagamento[resultado]:a:4:{i:0;a:2:{s:4:"Nome";s:25:"MasterCard Universitário";s:5:"Valor";s:1:"4";}i:1;a:2:{s:4:"Nome";s:12:"Visa Saraiva";s:5:"Valor";s:1:"3";}i:2;a:2:{s:4:"Nome";s:13:"Itaucard Gold";s:5:"Valor";s:1:"5";}i:3;a:2:{s:4:"Nome";s:14:"Santander Free";s:5:"Valor";s:1:"1";}}
ERROR - 2017-11-26 19:55:45 --> buscarDespesasPorFormaPagamento[resultado]:a:4:{i:0;a:2:{s:4:"Nome";s:25:"MasterCard Universitário";s:5:"Valor";s:1:"4";}i:1;a:2:{s:4:"Nome";s:12:"Visa Saraiva";s:5:"Valor";s:1:"3";}i:2;a:2:{s:4:"Nome";s:13:"Itaucard Gold";s:5:"Valor";s:1:"5";}i:3;a:2:{s:4:"Nome";s:14:"Santander Free";s:5:"Valor";s:1:"1";}}
ERROR - 2017-11-26 19:55:59 --> buscarDespesasPorFormaPagamento[resultado]:a:4:{i:0;a:2:{s:4:"Nome";s:25:"MasterCard Universitário";s:5:"Valor";s:1:"4";}i:1;a:2:{s:4:"Nome";s:12:"Visa Saraiva";s:5:"Valor";s:1:"3";}i:2;a:2:{s:4:"Nome";s:13:"Itaucard Gold";s:5:"Valor";s:1:"5";}i:3;a:2:{s:4:"Nome";s:14:"Santander Free";s:5:"Valor";s:1:"1";}}
ERROR - 2017-11-26 19:57:28 --> buscarDespesasPorFormaPagamento[resultado]:a:4:{i:0;a:2:{s:4:"Nome";s:25:"MasterCard Universitário";s:5:"Valor";s:1:"4";}i:1;a:2:{s:4:"Nome";s:12:"Visa Saraiva";s:5:"Valor";s:1:"3";}i:2;a:2:{s:4:"Nome";s:13:"Itaucard Gold";s:5:"Valor";s:1:"5";}i:3;a:2:{s:4:"Nome";s:14:"Santander Free";s:5:"Valor";s:1:"1";}}
ERROR - 2017-11-26 19:57:35 --> buscarDespesasPorFormaPagamento[resultado]:a:4:{i:0;a:2:{s:4:"Nome";s:25:"MasterCard Universitário";s:5:"Valor";s:1:"4";}i:1;a:2:{s:4:"Nome";s:12:"Visa Saraiva";s:5:"Valor";s:1:"3";}i:2;a:2:{s:4:"Nome";s:13:"Itaucard Gold";s:5:"Valor";s:1:"5";}i:3;a:2:{s:4:"Nome";s:14:"Santander Free";s:5:"Valor";s:1:"1";}}
ERROR - 2017-11-26 19:57:47 --> buscarDespesasPorFormaPagamento[resultado]:a:4:{i:0;a:2:{s:4:"Nome";s:25:"MasterCard Universitário";s:5:"Valor";s:1:"4";}i:1;a:2:{s:4:"Nome";s:12:"Visa Saraiva";s:5:"Valor";s:1:"3";}i:2;a:2:{s:4:"Nome";s:13:"Itaucard Gold";s:5:"Valor";s:1:"5";}i:3;a:2:{s:4:"Nome";s:14:"Santander Free";s:5:"Valor";s:1:"1";}}
ERROR - 2017-11-26 19:58:09 --> buscarDespesasPorFormaPagamento[resultado]:a:4:{i:0;a:2:{s:4:"Nome";s:25:"MasterCard Universitário";s:5:"Valor";s:1:"4";}i:1;a:2:{s:4:"Nome";s:12:"Visa Saraiva";s:5:"Valor";s:1:"3";}i:2;a:2:{s:4:"Nome";s:13:"Itaucard Gold";s:5:"Valor";s:1:"5";}i:3;a:2:{s:4:"Nome";s:14:"Santander Free";s:5:"Valor";s:1:"1";}}
ERROR - 2017-11-26 19:58:21 --> buscarDespesasPorFormaPagamento[resultado]:a:4:{i:0;a:2:{s:4:"Nome";s:25:"MasterCard Universitário";s:5:"Valor";s:1:"4";}i:1;a:2:{s:4:"Nome";s:12:"Visa Saraiva";s:5:"Valor";s:1:"3";}i:2;a:2:{s:4:"Nome";s:13:"Itaucard Gold";s:5:"Valor";s:1:"5";}i:3;a:2:{s:4:"Nome";s:14:"Santander Free";s:5:"Valor";s:1:"1";}}
ERROR - 2017-11-26 19:58:40 --> buscarDespesasPorFormaPagamento[resultado]:a:4:{i:0;a:2:{s:4:"Nome";s:25:"MasterCard Universitário";s:5:"Valor";s:1:"4";}i:1;a:2:{s:4:"Nome";s:12:"Visa Saraiva";s:5:"Valor";s:1:"3";}i:2;a:2:{s:4:"Nome";s:13:"Itaucard Gold";s:5:"Valor";s:1:"5";}i:3;a:2:{s:4:"Nome";s:14:"Santander Free";s:5:"Valor";s:1:"1";}}
ERROR - 2017-11-26 19:58:54 --> buscarDespesasPorFormaPagamento[resultado]:a:4:{i:0;a:2:{s:4:"Nome";s:25:"MasterCard Universitário";s:5:"Valor";s:1:"4";}i:1;a:2:{s:4:"Nome";s:12:"Visa Saraiva";s:5:"Valor";s:1:"3";}i:2;a:2:{s:4:"Nome";s:13:"Itaucard Gold";s:5:"Valor";s:1:"5";}i:3;a:2:{s:4:"Nome";s:14:"Santander Free";s:5:"Valor";s:1:"1";}}
ERROR - 2017-11-26 20:02:08 --> Query error: Table 'gerenciador_db.Categoria' doesn't exist - Invalid query: SELECT `cat`.`Nome`, Count(*) as Valor
FROM `Despesas` `des`
INNER JOIN `Favorecidos` `fav` ON `fav`.`IdFavorecido` = `des`.`IdFavorecido`
INNER JOIN `Categoria` `cat` ON `fav`.`IdCategoria` = `cat`.`IdCategoria`
WHERE `des`.`IdUsuario` = '1'
GROUP BY `cat`.`IdCategoria`
ERROR - 2017-11-26 20:02:14 --> Query error: Table 'gerenciador_db.Categoria' doesn't exist - Invalid query: SELECT `cat`.`Nome`, Count(*) as Valor
FROM `Despesas` `des`
INNER JOIN `Favorecidos` `fav` ON `fav`.`IdFavorecido` = `des`.`IdFavorecido`
INNER JOIN `Categoria` `cat` ON `fav`.`IdCategoria` = `cat`.`IdCategoria`
WHERE `des`.`IdUsuario` = '1'
GROUP BY `cat`.`IdCategoria`
ERROR - 2017-11-26 20:23:00 --> Severity: error --> Exception: Too few arguments to function DespesasModel::buscarDespesasPorPeriodo(), 1 passed in /opt/lampp/htdocs/GerenciadorDespesas/application/controllers/PainelGeral.php on line 89 and exactly 2 expected /opt/lampp/htdocs/GerenciadorDespesas/application/models/DespesasModel.php 87
ERROR - 2017-11-26 20:23:09 --> Severity: error --> Exception: Too few arguments to function DespesasModel::buscarDespesasPorPeriodo(), 1 passed in /opt/lampp/htdocs/GerenciadorDespesas/application/controllers/PainelGeral.php on line 89 and exactly 2 expected /opt/lampp/htdocs/GerenciadorDespesas/application/models/DespesasModel.php 87
ERROR - 2017-11-26 20:23:56 --> buscarDespesasPorPeriodo[resultado]:a:3:{i:0;a:1:{s:14:"SUM(des.Valor)";s:6:"222.00";}i:1;a:1:{s:14:"SUM(des.Valor)";s:5:"22.00";}i:2;a:1:{s:14:"SUM(des.Valor)";s:7:"5671.00";}}
ERROR - 2017-11-26 20:32:09 --> buscarDespesasPorPeriodo[resultado]:a:3:{i:0;a:2:{s:4:"Nome";s:1:"1";s:5:"Valor";s:6:"222.00";}i:1;a:2:{s:4:"Nome";s:1:"1";s:5:"Valor";s:5:"22.00";}i:2;a:2:{s:4:"Nome";s:1:"9";s:5:"Valor";s:7:"5671.00";}}
ERROR - 2017-11-26 20:32:15 --> buscarDespesasPorPeriodo[resultado]:a:3:{i:0;a:2:{s:4:"Nome";s:1:"1";s:5:"Valor";s:6:"222.00";}i:1;a:2:{s:4:"Nome";s:1:"1";s:5:"Valor";s:5:"22.00";}i:2;a:2:{s:4:"Nome";s:1:"9";s:5:"Valor";s:7:"5671.00";}}
ERROR - 2017-11-26 20:34:01 --> buscarDespesasPorPeriodo[resultado]:a:3:{i:0;a:2:{s:4:"Nome";s:1:"1";s:5:"Valor";s:6:"222.00";}i:1;a:2:{s:4:"Nome";s:1:"1";s:5:"Valor";s:5:"22.00";}i:2;a:2:{s:4:"Nome";s:1:"9";s:5:"Valor";s:7:"5671.00";}}
ERROR - 2017-11-26 20:34:21 --> buscarDespesasPorPeriodo[resultado]:a:3:{i:0;a:2:{s:4:"Nome";s:1:"1";s:5:"Valor";s:6:"222.00";}i:1;a:2:{s:4:"Nome";s:1:"1";s:5:"Valor";s:5:"22.00";}i:2;a:2:{s:4:"Nome";s:1:"9";s:5:"Valor";s:7:"5671.00";}}
ERROR - 2017-11-26 20:36:38 --> buscarDespesasPorPeriodo[resultado]:a:2:{i:0;a:2:{s:4:"Nome";s:1:"1";s:5:"Valor";s:6:"244.00";}i:1;a:2:{s:4:"Nome";s:1:"9";s:5:"Valor";s:7:"5671.00";}}
ERROR - 2017-11-26 20:37:03 --> buscarDespesasPorPeriodo[resultado]:a:2:{i:0;a:2:{s:4:"Nome";s:1:"1";s:5:"Valor";s:6:"244.00";}i:1;a:2:{s:4:"Nome";s:1:"9";s:5:"Valor";s:7:"5671.00";}}
ERROR - 2017-11-26 20:37:49 --> buscarDespesasPorPeriodo[resultado]:a:2:{i:0;a:2:{s:4:"Nome";s:1:"1";s:5:"Valor";s:6:"244.00";}i:1;a:2:{s:4:"Nome";s:1:"9";s:5:"Valor";s:7:"5671.00";}}
ERROR - 2017-11-26 20:42:34 --> buscarDespesasPorPeriodo[resultado]:a:2:{i:0;a:2:{s:4:"Nome";s:1:"1";s:5:"Valor";s:6:"244.00";}i:1;a:2:{s:4:"Nome";s:1:"9";s:5:"Valor";s:7:"5671.00";}}
ERROR - 2017-11-26 20:45:11 --> Query error: You have an error in your SQL syntax; check the manual that corresponds to your MariaDB server version for the right syntax to use near 'GROUP BY EXTRACT(MONTH FROM des.DataVencimento)' at line 5 - Invalid query: SELECT EXTRACT(MONTH FROM des.DataVencimento) as Nome, SUM(des.Valor) as Valor
FROM `Despesas` `des`
WHERE `des`.`IdUsuario` = '1'
AND `des`.`DataVencimento` BETWEEN 'DATE_SUB(NOW(), INTERVAL 303* 30  DAY) AND NOW()'
GROUP BY EXTRACT(MONTH FROM des.DataVencimento)
ERROR - 2017-11-26 20:45:41 --> Query error: You have an error in your SQL syntax; check the manual that corresponds to your MariaDB server version for the right syntax to use near '' at line 4 - Invalid query: SELECT EXTRACT(MONTH FROM des.DataVencimento) as Nome, SUM(des.Valor) as Valor
FROM `Despesas` `des`
WHERE `des`.`IdUsuario` = '1'
AND `des`.`DataVencimento` BETWEEN 'DATE_SUB(NOW(), INTERVAL 303* 30  DAY) AND NOW()'
ERROR - 2017-11-26 20:45:53 --> Query error: You have an error in your SQL syntax; check the manual that corresponds to your MariaDB server version for the right syntax to use near '' at line 4 - Invalid query: SELECT EXTRACT(MONTH FROM des.DataVencimento) as Nome, SUM(des.Valor) as Valor
FROM `Despesas` `des`
WHERE `des`.`IdUsuario` = '1'
AND `des`.`DataVencimento` BETWEEN 'DATE_SUB(NOW(), INTERVAL 3* 30  DAY) AND NOW()'
ERROR - 2017-11-26 20:47:19 --> Severity: error --> Exception: syntax error, unexpected '*' /opt/lampp/htdocs/GerenciadorDespesas/application/models/DespesasModel.php 92
ERROR - 2017-11-26 20:47:54 --> Severity: error --> Exception: syntax error, unexpected 'DAY' (T_STRING), expecting ',' or ')' /opt/lampp/htdocs/GerenciadorDespesas/application/models/DespesasModel.php 92
ERROR - 2017-11-26 20:48:13 --> Severity: error --> Exception: Call to undefined function NOW() /opt/lampp/htdocs/GerenciadorDespesas/application/models/DespesasModel.php 92
ERROR - 2017-11-26 20:48:41 --> buscarDespesasPorPeriodo[resultado]:a:1:{i:0;a:2:{s:4:"Nome";N;s:5:"Valor";N;}}
ERROR - 2017-11-26 20:48:51 --> Query error: You have an error in your SQL syntax; check the manual that corresponds to your MariaDB server version for the right syntax to use near '' at line 4 - Invalid query: SELECT EXTRACT(MONTH FROM des.DataVencimento) as Nome, SUM(des.Valor) as Valor
FROM `Despesas` `des`
WHERE `des`.`IdUsuario` = '1'
AND `des`.`DataVencimento` BETWEEN 'DATE_SUB(NOW(), INTERVAL 3* 30  DAY) AND NOW()'
ERROR - 2017-11-26 20:49:35 --> Query error: You have an error in your SQL syntax; check the manual that corresponds to your MariaDB server version for the right syntax to use near '' at line 4 - Invalid query: SELECT EXTRACT(MONTH FROM des.DataVencimento) as Nome, SUM(des.Valor) as Valor
FROM `Despesas` `des`
WHERE `des`.`IdUsuario` = '1'
AND `des`.`DataVencimento` BETWEEN DATE_SUB(NOW(), INTERVAL ' 3* 30  DAY) AND NOW()'
ERROR - 2017-11-26 20:50:29 --> Query error: You have an error in your SQL syntax; check the manual that corresponds to your MariaDB server version for the right syntax to use near 'INTERVAL3* 30  DAY) AND NOW() ' '' at line 4 - Invalid query: SELECT EXTRACT(MONTH FROM des.DataVencimento) as Nome, SUM(des.Valor) as Valor
FROM `Despesas` `des`
WHERE `des`.`IdUsuario` = '1'
AND `des`.`DataVencimento` BETWEEN DATE_SUB(NOW(), INTERVAL3* 30  DAY) AND NOW() ' '
ERROR - 2017-11-26 20:50:46 --> Severity: error --> Exception: syntax error, unexpected ')' /opt/lampp/htdocs/GerenciadorDespesas/application/models/DespesasModel.php 92
ERROR - 2017-11-26 20:50:53 --> Query error: You have an error in your SQL syntax; check the manual that corresponds to your MariaDB server version for the right syntax to use near 'INTERVAL3* 30  DAY) AND NOW()' at line 4 - Invalid query: SELECT EXTRACT(MONTH FROM des.DataVencimento) as Nome, SUM(des.Valor) as Valor
FROM `Despesas` `des`
WHERE `des`.`IdUsuario` = '1'
AND `des`.`DataVencimento` BETWEEN DATE_SUB(NOW(), INTERVAL3* 30  DAY) AND NOW()
ERROR - 2017-11-26 20:51:03 --> buscarDespesasPorPeriodo[resultado]:a:1:{i:0;a:2:{s:4:"Nome";s:1:"9";s:5:"Valor";s:7:"5671.00";}}
ERROR - 2017-11-26 20:51:58 --> buscarDespesasPorPeriodo[resultado]:a:1:{i:0;a:2:{s:4:"Nome";s:1:"9";s:5:"Valor";s:7:"5671.00";}}
ERROR - 2017-11-26 20:52:20 --> buscarDespesasPorPeriodo[resultado]:a:1:{i:0;a:2:{s:4:"Nome";s:1:"9";s:5:"Valor";s:7:"5671.00";}}
ERROR - 2017-11-26 20:53:01 --> buscarDespesasPorPeriodo[resultado]:a:1:{i:0;a:2:{s:4:"Nome";s:1:"9";s:5:"Valor";s:7:"5671.00";}}
ERROR - 2017-11-26 20:53:25 --> buscarDespesasPorPeriodo[resultado]:a:1:{i:0;a:2:{s:4:"Nome";s:1:"9";s:5:"Valor";s:7:"5671.00";}}
ERROR - 2017-11-26 20:53:49 --> buscarDespesasPorPeriodo[resultado]:a:1:{i:0;a:2:{s:4:"Nome";s:1:"9";s:5:"Valor";s:7:"5671.00";}}
ERROR - 2017-11-26 20:53:54 --> buscarDespesasPorPeriodo[resultado]:a:1:{i:0;a:2:{s:4:"Nome";s:1:"9";s:5:"Valor";s:7:"5671.00";}}
ERROR - 2017-11-26 20:54:19 --> buscarDespesasPorPeriodo[resultado]:a:1:{i:0;a:2:{s:4:"Nome";s:1:"9";s:5:"Valor";s:7:"5671.00";}}
ERROR - 2017-11-26 20:54:55 --> buscarDespesasPorPeriodo[resultado]:a:1:{i:0;a:2:{s:4:"Nome";s:1:"9";s:5:"Valor";s:7:"5671.00";}}
ERROR - 2017-11-26 20:55:24 --> buscarDespesasPorPeriodo[resultado]:a:1:{i:0;a:2:{s:4:"Nome";s:1:"9";s:5:"Valor";s:7:"5671.00";}}
ERROR - 2017-11-26 20:56:28 --> buscarDespesasPorPeriodo[resultado]:a:1:{i:0;a:2:{s:4:"Nome";s:1:"9";s:5:"Valor";s:7:"5671.00";}}
ERROR - 2017-11-26 20:56:44 --> buscarDespesasPorPeriodo[resultado]:a:1:{i:0;a:2:{s:4:"Nome";N;s:5:"Valor";N;}}
ERROR - 2017-11-26 20:56:44 --> Severity: Notice --> Undefined index:  /opt/lampp/htdocs/GerenciadorDespesas/application/controllers/PainelGeral.php 107
ERROR - 2017-11-26 20:57:00 --> buscarDespesasPorPeriodo[resultado]:a:1:{i:0;a:2:{s:4:"Nome";N;s:5:"Valor";N;}}
ERROR - 2017-11-26 20:57:00 --> Severity: Notice --> Undefined index:  /opt/lampp/htdocs/GerenciadorDespesas/application/controllers/PainelGeral.php 107
ERROR - 2017-11-26 20:57:16 --> buscarDespesasPorPeriodo[resultado]:a:1:{i:0;a:2:{s:4:"Nome";N;s:5:"Valor";N;}}
ERROR - 2017-11-26 20:57:16 --> Severity: Notice --> Undefined index:  /opt/lampp/htdocs/GerenciadorDespesas/application/controllers/PainelGeral.php 107
ERROR - 2017-11-26 20:57:29 --> buscarDespesasPorPeriodo[resultado]:a:1:{i:0;a:2:{s:4:"Nome";N;s:5:"Valor";N;}}
ERROR - 2017-11-26 20:57:29 --> Severity: Notice --> Undefined index:  /opt/lampp/htdocs/GerenciadorDespesas/application/controllers/PainelGeral.php 107
ERROR - 2017-11-26 20:59:44 --> buscarDespesasPorPeriodo[resultado]:a:1:{i:0;a:2:{s:4:"Nome";N;s:5:"Valor";N;}}
ERROR - 2017-11-26 20:59:44 --> Severity: Notice --> Undefined index:  /opt/lampp/htdocs/GerenciadorDespesas/application/controllers/PainelGeral.php 107
ERROR - 2017-11-26 20:59:55 --> buscarDespesasPorPeriodo[resultado]:a:1:{i:0;a:2:{s:4:"Nome";N;s:5:"Valor";N;}}
ERROR - 2017-11-26 20:59:55 --> Severity: Notice --> Undefined index:  /opt/lampp/htdocs/GerenciadorDespesas/application/controllers/PainelGeral.php 107
ERROR - 2017-11-26 21:00:17 --> buscarDespesasPorPeriodo[resultado]:a:1:{i:0;a:2:{s:4:"Nome";N;s:5:"Valor";N;}}
ERROR - 2017-11-26 21:00:17 --> Severity: Notice --> Undefined index:  /opt/lampp/htdocs/GerenciadorDespesas/application/controllers/PainelGeral.php 107
ERROR - 2017-11-26 21:00:28 --> buscarDespesasPorPeriodo[resultado]:a:1:{i:0;a:2:{s:4:"Nome";N;s:5:"Valor";N;}}
ERROR - 2017-11-26 21:00:28 --> Severity: Notice --> Undefined index:  /opt/lampp/htdocs/GerenciadorDespesas/application/controllers/PainelGeral.php 107
ERROR - 2017-11-26 21:01:32 --> buscarDespesasPorPeriodo[resultado]:a:1:{i:0;a:2:{s:4:"Nome";N;s:5:"Valor";N;}}
ERROR - 2017-11-26 21:01:32 --> Severity: Notice --> Undefined index:  /opt/lampp/htdocs/GerenciadorDespesas/application/controllers/PainelGeral.php 107
ERROR - 2017-11-26 21:01:42 --> buscarDespesasPorPeriodo[resultado]:a:1:{i:0;a:2:{s:4:"Nome";N;s:5:"Valor";N;}}
ERROR - 2017-11-26 21:01:42 --> Severity: Notice --> Undefined index:  /opt/lampp/htdocs/GerenciadorDespesas/application/controllers/PainelGeral.php 107
ERROR - 2017-11-26 21:01:50 --> buscarDespesasPorPeriodo[resultado]:a:1:{i:0;a:2:{s:4:"Nome";N;s:5:"Valor";N;}}
ERROR - 2017-11-26 21:01:50 --> Severity: Notice --> Undefined index:  /opt/lampp/htdocs/GerenciadorDespesas/application/controllers/PainelGeral.php 107
ERROR - 2017-11-26 21:03:19 --> buscarDespesasPorPeriodo[resultado]:a:1:{i:0;a:2:{s:4:"Nome";N;s:5:"Valor";N;}}
ERROR - 2017-11-26 21:03:19 --> Severity: Notice --> Undefined index:  /opt/lampp/htdocs/GerenciadorDespesas/application/controllers/PainelGeral.php 107
ERROR - 2017-11-26 21:03:35 --> Severity: error --> Exception: Call to undefined function dateEmMysql() /opt/lampp/htdocs/GerenciadorDespesas/application/models/DespesasModel.php 115
ERROR - 2017-11-26 21:03:51 --> Severity: error --> Exception: Call to undefined function dateEmMysql() /opt/lampp/htdocs/GerenciadorDespesas/application/models/DespesasModel.php 115
ERROR - 2017-11-26 21:04:10 --> buscarDespesasPorPeriodo[resultado]:a:1:{i:0;a:2:{s:4:"Nome";N;s:5:"Valor";N;}}
ERROR - 2017-11-26 21:04:10 --> Severity: Notice --> Undefined index:  /opt/lampp/htdocs/GerenciadorDespesas/application/controllers/PainelGeral.php 107
ERROR - 2017-11-26 21:04:25 --> buscarDespesasPorPeriodo[resultado]:a:1:{i:0;a:2:{s:4:"Nome";N;s:5:"Valor";N;}}
ERROR - 2017-11-26 21:04:25 --> Severity: Notice --> Undefined index:  /opt/lampp/htdocs/GerenciadorDespesas/application/controllers/PainelGeral.php 107
ERROR - 2017-11-26 21:04:42 --> buscarDespesasPorPeriodo[resultado]:a:1:{i:0;a:2:{s:4:"Nome";N;s:5:"Valor";N;}}
ERROR - 2017-11-26 21:04:43 --> Severity: Notice --> Undefined index:  /opt/lampp/htdocs/GerenciadorDespesas/application/controllers/PainelGeral.php 107
ERROR - 2017-11-26 21:05:17 --> Severity: error --> Exception: syntax error, unexpected '$vencimento' (T_VARIABLE), expecting ',' or ')' /opt/lampp/htdocs/GerenciadorDespesas/application/models/DespesasModel.php 115
ERROR - 2017-11-26 21:05:24 --> Severity: error --> Exception: syntax error, unexpected '$vencimento' (T_VARIABLE), expecting ',' or ')' /opt/lampp/htdocs/GerenciadorDespesas/application/models/DespesasModel.php 115
ERROR - 2017-11-26 21:05:28 --> Severity: error --> Exception: syntax error, unexpected '$vencimento' (T_VARIABLE), expecting ',' or ')' /opt/lampp/htdocs/GerenciadorDespesas/application/models/DespesasModel.php 115
ERROR - 2017-11-26 21:05:37 --> Severity: error --> Exception: syntax error, unexpected ')' /opt/lampp/htdocs/GerenciadorDespesas/application/models/DespesasModel.php 116
ERROR - 2017-11-26 21:05:47 --> buscarDespesasPorPeriodo[resultado]:a:1:{i:0;a:2:{s:4:"Nome";N;s:5:"Valor";N;}}
ERROR - 2017-11-26 21:05:47 --> Severity: Notice --> Undefined index:  /opt/lampp/htdocs/GerenciadorDespesas/application/controllers/PainelGeral.php 107
ERROR - 2017-11-26 21:06:01 --> Severity: Warning --> date() expects parameter 2 to be integer, string given /opt/lampp/htdocs/GerenciadorDespesas/application/models/DespesasModel.php 115
ERROR - 2017-11-26 21:06:42 --> buscarDespesasPorPeriodo[resultado]:a:1:{i:0;a:2:{s:4:"Nome";N;s:5:"Valor";N;}}
ERROR - 2017-11-26 21:06:42 --> Severity: Notice --> Undefined index:  /opt/lampp/htdocs/GerenciadorDespesas/application/controllers/PainelGeral.php 107
ERROR - 2017-11-26 21:06:57 --> buscarDespesasPorPeriodo[resultado]:a:1:{i:0;a:2:{s:4:"Nome";s:2:"11";s:5:"Valor";s:7:"1122.00";}}
ERROR - 2017-11-26 21:07:20 --> buscarDespesasPorPeriodo[resultado]:a:1:{i:0;a:2:{s:4:"Nome";s:2:"11";s:5:"Valor";s:7:"5566.00";}}
ERROR - 2017-11-26 21:07:27 --> buscarDespesasPorPeriodo[resultado]:a:1:{i:0;a:2:{s:4:"Nome";s:2:"11";s:5:"Valor";s:7:"5566.00";}}
ERROR - 2017-11-26 21:07:44 --> buscarDespesasPorPeriodo[resultado]:a:1:{i:0;a:2:{s:4:"Nome";s:2:"11";s:5:"Valor";s:7:"5566.00";}}
ERROR - 2017-11-26 21:09:19 --> buscarDespesasPorPeriodo[resultado]:a:1:{i:0;a:2:{s:4:"Nome";s:2:"11";s:5:"Valor";s:7:"5566.00";}}
ERROR - 2017-11-26 21:09:58 --> buscarDespesasPorPeriodo[resultado]:a:1:{i:0;a:2:{s:4:"Nome";s:2:"11";s:5:"Valor";s:7:"5566.00";}}
ERROR - 2017-11-26 22:24:08 --> buscarDespesasPorPeriodo[resultado]:a:1:{i:0;a:2:{s:4:"Nome";s:2:"11";s:5:"Valor";s:7:"5566.00";}}
ERROR - 2017-11-26 22:24:27 --> buscarDespesasPorPeriodo[resultado]:a:1:{i:0;a:2:{s:4:"Nome";s:2:"11";s:5:"Valor";s:7:"5566.00";}}
ERROR - 2017-11-26 22:24:29 --> buscarDespesasPorPeriodo[resultado]:a:1:{i:0;a:2:{s:4:"Nome";s:2:"11";s:5:"Valor";s:7:"5566.00";}}
ERROR - 2017-11-26 22:24:31 --> buscarDespesasPorPeriodo[resultado]:a:1:{i:0;a:2:{s:4:"Nome";s:2:"11";s:5:"Valor";s:7:"5566.00";}}
ERROR - 2017-11-26 22:24:33 --> buscarDespesasPorPeriodo[resultado]:a:1:{i:0;a:2:{s:4:"Nome";s:2:"11";s:5:"Valor";s:7:"5566.00";}}
ERROR - 2017-11-26 22:26:13 --> buscarDespesasPorPeriodo[resultado]:a:1:{i:0;a:2:{s:4:"Nome";s:2:"11";s:5:"Valor";s:7:"5566.00";}}
ERROR - 2017-11-26 22:46:27 --> buscarDespesasPorPeriodo[resultado]:a:1:{i:0;a:2:{s:4:"Nome";s:2:"11";s:5:"Valor";s:7:"5566.00";}}
ERROR - 2017-11-26 22:46:28 --> buscarDespesasPorPeriodo[resultado]:a:1:{i:0;a:2:{s:4:"Nome";s:2:"11";s:5:"Valor";s:7:"5566.00";}}
ERROR - 2017-11-26 22:46:30 --> buscarDespesasPorPeriodo[resultado]:a:1:{i:0;a:2:{s:4:"Nome";s:2:"11";s:5:"Valor";s:7:"5566.00";}}
ERROR - 2017-11-26 22:46:31 --> buscarDespesasPorPeriodo[resultado]:a:1:{i:0;a:2:{s:4:"Nome";s:2:"11";s:5:"Valor";s:7:"5566.00";}}
ERROR - 2017-11-26 22:46:33 --> buscarDespesasPorPeriodo[resultado]:a:1:{i:0;a:2:{s:4:"Nome";s:2:"11";s:5:"Valor";s:7:"5566.00";}}
ERROR - 2017-11-26 22:46:34 --> buscarDespesasPorPeriodo[resultado]:a:1:{i:0;a:2:{s:4:"Nome";s:2:"11";s:5:"Valor";s:7:"5566.00";}}
ERROR - 2017-11-26 22:46:35 --> buscarDespesasPorPeriodo[resultado]:a:1:{i:0;a:2:{s:4:"Nome";s:2:"11";s:5:"Valor";s:7:"5566.00";}}
ERROR - 2017-11-26 22:48:21 --> buscarDespesasPorPeriodo[resultado]:a:1:{i:0;a:2:{s:4:"Nome";s:2:"11";s:5:"Valor";s:7:"5566.00";}}
ERROR - 2017-11-26 22:48:22 --> buscarDespesasPorPeriodo[resultado]:a:1:{i:0;a:2:{s:4:"Nome";s:2:"11";s:5:"Valor";s:7:"5566.00";}}
ERROR - 2017-11-26 22:48:46 --> buscarDespesasPorPeriodo[resultado]:a:1:{i:0;a:2:{s:4:"Nome";s:2:"11";s:5:"Valor";s:7:"5566.00";}}
ERROR - 2017-11-26 22:48:52 --> buscarDespesasPorPeriodo[resultado]:a:1:{i:0;a:2:{s:4:"Nome";s:2:"11";s:5:"Valor";s:7:"5566.00";}}
ERROR - 2017-11-26 22:49:04 --> buscarDespesasPorPeriodo[resultado]:a:1:{i:0;a:2:{s:4:"Nome";s:2:"11";s:5:"Valor";s:7:"5566.00";}}
ERROR - 2017-11-26 22:49:40 --> buscarDespesasPorPeriodo[resultado]:a:1:{i:0;a:2:{s:4:"Nome";s:2:"11";s:5:"Valor";s:7:"5566.00";}}
ERROR - 2017-11-26 22:49:52 --> buscarDespesasPorPeriodo[resultado]:a:1:{i:0;a:2:{s:4:"Nome";s:2:"11";s:5:"Valor";s:7:"5566.00";}}
ERROR - 2017-11-26 22:49:56 --> buscarDespesasPorPeriodo[resultado]:a:1:{i:0;a:2:{s:4:"Nome";s:2:"11";s:5:"Valor";s:7:"5566.00";}}
ERROR - 2017-11-26 22:49:57 --> buscarDespesasPorPeriodo[resultado]:a:1:{i:0;a:2:{s:4:"Nome";s:2:"11";s:5:"Valor";s:7:"5566.00";}}
ERROR - 2017-11-26 22:50:00 --> buscarDespesasPorPeriodo[resultado]:a:1:{i:0;a:2:{s:4:"Nome";s:2:"11";s:5:"Valor";s:7:"5566.00";}}
ERROR - 2017-11-26 22:50:01 --> buscarDespesasPorPeriodo[resultado]:a:1:{i:0;a:2:{s:4:"Nome";s:2:"11";s:5:"Valor";s:7:"5566.00";}}
ERROR - 2017-11-26 22:50:02 --> buscarDespesasPorPeriodo[resultado]:a:1:{i:0;a:2:{s:4:"Nome";s:2:"11";s:5:"Valor";s:7:"5566.00";}}
ERROR - 2017-11-26 22:50:04 --> buscarDespesasPorPeriodo[resultado]:a:1:{i:0;a:2:{s:4:"Nome";s:2:"11";s:5:"Valor";s:7:"5566.00";}}
ERROR - 2017-11-26 22:50:04 --> buscarDespesasPorPeriodo[resultado]:a:1:{i:0;a:2:{s:4:"Nome";s:2:"11";s:5:"Valor";s:7:"5566.00";}}
ERROR - 2017-11-26 22:50:47 --> buscarDespesasPorPeriodo[resultado]:a:1:{i:0;a:2:{s:4:"Nome";s:2:"11";s:5:"Valor";s:7:"5566.00";}}
ERROR - 2017-11-26 22:50:49 --> buscarDespesasPorPeriodo[resultado]:a:1:{i:0;a:2:{s:4:"Nome";s:2:"11";s:5:"Valor";s:7:"5566.00";}}
ERROR - 2017-11-26 22:50:55 --> buscarDespesasPorPeriodo[resultado]:a:1:{i:0;a:2:{s:4:"Nome";s:2:"11";s:5:"Valor";s:7:"5566.00";}}
ERROR - 2017-11-26 22:51:40 --> buscarDespesasPorPeriodo[resultado]:a:1:{i:0;a:2:{s:4:"Nome";s:2:"11";s:5:"Valor";s:7:"5566.00";}}
ERROR - 2017-11-26 22:51:41 --> buscarDespesasPorPeriodo[resultado]:a:1:{i:0;a:2:{s:4:"Nome";s:2:"11";s:5:"Valor";s:7:"5566.00";}}
ERROR - 2017-11-26 22:51:42 --> buscarDespesasPorPeriodo[resultado]:a:1:{i:0;a:2:{s:4:"Nome";s:2:"11";s:5:"Valor";s:7:"5566.00";}}
ERROR - 2017-11-26 22:51:55 --> buscarDespesasPorPeriodo[resultado]:a:1:{i:0;a:2:{s:4:"Nome";s:2:"11";s:5:"Valor";s:7:"5566.00";}}
ERROR - 2017-11-26 22:52:02 --> buscarDespesasPorPeriodo[resultado]:a:1:{i:0;a:2:{s:4:"Nome";s:2:"11";s:5:"Valor";s:7:"5566.00";}}
ERROR - 2017-11-26 22:52:30 --> buscarDespesasPorPeriodo[resultado]:a:1:{i:0;a:2:{s:4:"Nome";s:2:"11";s:5:"Valor";s:7:"5566.00";}}
ERROR - 2017-11-26 22:54:33 --> buscarDespesasPorPeriodo[resultado]:a:1:{i:0;a:2:{s:4:"Nome";s:2:"11";s:5:"Valor";s:7:"5566.00";}}
ERROR - 2017-11-26 22:54:36 --> buscarDespesasPorPeriodo[resultado]:a:1:{i:0;a:2:{s:4:"Nome";s:2:"11";s:5:"Valor";s:7:"5566.00";}}
ERROR - 2017-11-26 22:54:41 --> buscarDespesasPorPeriodo[resultado]:a:1:{i:0;a:2:{s:4:"Nome";s:2:"11";s:5:"Valor";s:7:"5566.00";}}
ERROR - 2017-11-26 22:55:51 --> buscarDespesasPorPeriodo[resultado]:a:1:{i:0;a:2:{s:4:"Nome";s:2:"11";s:5:"Valor";s:7:"5566.00";}}
ERROR - 2017-11-26 22:55:55 --> buscarDespesasPorPeriodo[resultado]:a:1:{i:0;a:2:{s:4:"Nome";s:2:"11";s:5:"Valor";s:7:"5566.00";}}
ERROR - 2017-11-26 22:56:09 --> buscarDespesasPorPeriodo[resultado]:a:1:{i:0;a:2:{s:4:"Nome";s:2:"11";s:5:"Valor";s:7:"5566.00";}}
ERROR - 2017-11-26 22:56:13 --> buscarDespesasPorPeriodo[resultado]:a:1:{i:0;a:2:{s:4:"Nome";s:2:"11";s:5:"Valor";s:7:"5566.00";}}
ERROR - 2017-11-26 22:56:14 --> buscarDespesasPorPeriodo[resultado]:a:1:{i:0;a:2:{s:4:"Nome";s:2:"11";s:5:"Valor";s:7:"5566.00";}}
ERROR - 2017-11-26 22:56:15 --> buscarDespesasPorPeriodo[resultado]:a:1:{i:0;a:2:{s:4:"Nome";s:2:"11";s:5:"Valor";s:7:"5566.00";}}
ERROR - 2017-11-26 22:56:16 --> buscarDespesasPorPeriodo[resultado]:a:1:{i:0;a:2:{s:4:"Nome";s:2:"11";s:5:"Valor";s:7:"5566.00";}}
ERROR - 2017-11-26 22:56:17 --> buscarDespesasPorPeriodo[resultado]:a:1:{i:0;a:2:{s:4:"Nome";s:2:"11";s:5:"Valor";s:7:"5566.00";}}
ERROR - 2017-11-26 22:56:33 --> buscarDespesasPorPeriodo[resultado]:a:1:{i:0;a:2:{s:4:"Nome";s:2:"11";s:5:"Valor";s:7:"5566.00";}}
ERROR - 2017-11-26 22:56:37 --> buscarDespesasPorPeriodo[resultado]:a:1:{i:0;a:2:{s:4:"Nome";s:2:"11";s:5:"Valor";s:7:"5566.00";}}
ERROR - 2017-11-26 22:56:40 --> buscarDespesasPorPeriodo[resultado]:a:1:{i:0;a:2:{s:4:"Nome";s:2:"11";s:5:"Valor";s:7:"5566.00";}}
ERROR - 2017-11-26 22:56:44 --> buscarDespesasPorPeriodo[resultado]:a:1:{i:0;a:2:{s:4:"Nome";s:2:"11";s:5:"Valor";s:7:"5566.00";}}
ERROR - 2017-11-26 22:56:45 --> buscarDespesasPorPeriodo[resultado]:a:1:{i:0;a:2:{s:4:"Nome";s:2:"11";s:5:"Valor";s:7:"5566.00";}}
ERROR - 2017-11-26 22:56:48 --> buscarDespesasPorPeriodo[resultado]:a:1:{i:0;a:2:{s:4:"Nome";s:2:"11";s:5:"Valor";s:7:"5566.00";}}
ERROR - 2017-11-26 22:56:57 --> buscarDespesasPorPeriodo[resultado]:a:1:{i:0;a:2:{s:4:"Nome";s:2:"11";s:5:"Valor";s:7:"5566.00";}}
ERROR - 2017-11-26 22:57:36 --> buscarDespesasPorPeriodo[resultado]:a:1:{i:0;a:2:{s:4:"Nome";s:2:"11";s:5:"Valor";s:7:"5566.00";}}
ERROR - 2017-11-26 22:58:26 --> buscarDespesasPorPeriodo[resultado]:a:1:{i:0;a:2:{s:4:"Nome";s:2:"11";s:5:"Valor";s:7:"5566.00";}}
ERROR - 2017-11-26 22:58:28 --> buscarDespesasPorPeriodo[resultado]:a:1:{i:0;a:2:{s:4:"Nome";s:2:"11";s:5:"Valor";s:7:"5566.00";}}
ERROR - 2017-11-26 22:58:29 --> buscarDespesasPorPeriodo[resultado]:a:1:{i:0;a:2:{s:4:"Nome";s:2:"11";s:5:"Valor";s:7:"5566.00";}}
ERROR - 2017-11-26 22:58:30 --> buscarDespesasPorPeriodo[resultado]:a:1:{i:0;a:2:{s:4:"Nome";s:2:"11";s:5:"Valor";s:7:"5566.00";}}
ERROR - 2017-11-26 22:58:30 --> buscarDespesasPorPeriodo[resultado]:a:1:{i:0;a:2:{s:4:"Nome";s:2:"11";s:5:"Valor";s:7:"5566.00";}}
ERROR - 2017-11-26 22:58:31 --> buscarDespesasPorPeriodo[resultado]:a:1:{i:0;a:2:{s:4:"Nome";s:2:"11";s:5:"Valor";s:7:"5566.00";}}
ERROR - 2017-11-26 22:58:32 --> buscarDespesasPorPeriodo[resultado]:a:1:{i:0;a:2:{s:4:"Nome";s:2:"11";s:5:"Valor";s:7:"5566.00";}}
ERROR - 2017-11-26 22:58:33 --> buscarDespesasPorPeriodo[resultado]:a:1:{i:0;a:2:{s:4:"Nome";s:2:"11";s:5:"Valor";s:7:"5566.00";}}
ERROR - 2017-11-26 22:58:33 --> buscarDespesasPorPeriodo[resultado]:a:1:{i:0;a:2:{s:4:"Nome";s:2:"11";s:5:"Valor";s:7:"5566.00";}}
ERROR - 2017-11-26 22:58:34 --> buscarDespesasPorPeriodo[resultado]:a:1:{i:0;a:2:{s:4:"Nome";s:2:"11";s:5:"Valor";s:7:"5566.00";}}
ERROR - 2017-11-26 22:58:35 --> buscarDespesasPorPeriodo[resultado]:a:1:{i:0;a:2:{s:4:"Nome";s:2:"11";s:5:"Valor";s:7:"5566.00";}}
ERROR - 2017-11-26 22:58:38 --> buscarDespesasPorPeriodo[resultado]:a:1:{i:0;a:2:{s:4:"Nome";s:2:"11";s:5:"Valor";s:7:"5566.00";}}
ERROR - 2017-11-26 22:58:40 --> buscarDespesasPorPeriodo[resultado]:a:1:{i:0;a:2:{s:4:"Nome";s:2:"11";s:5:"Valor";s:7:"5566.00";}}
ERROR - 2017-11-26 22:58:41 --> buscarDespesasPorPeriodo[resultado]:a:1:{i:0;a:2:{s:4:"Nome";s:2:"11";s:5:"Valor";s:7:"5566.00";}}
ERROR - 2017-11-26 22:58:42 --> buscarDespesasPorPeriodo[resultado]:a:1:{i:0;a:2:{s:4:"Nome";s:2:"11";s:5:"Valor";s:7:"5566.00";}}
ERROR - 2017-11-26 22:58:47 --> buscarDespesasPorPeriodo[resultado]:a:1:{i:0;a:2:{s:4:"Nome";s:2:"11";s:5:"Valor";s:7:"5566.00";}}
ERROR - 2017-11-26 22:58:59 --> buscarDespesasPorPeriodo[resultado]:a:1:{i:0;a:2:{s:4:"Nome";s:2:"11";s:5:"Valor";s:7:"5566.00";}}
ERROR - 2017-11-26 23:00:44 --> buscarDespesasPorPeriodo[resultado]:a:1:{i:0;a:2:{s:4:"Nome";s:2:"11";s:5:"Valor";s:7:"5566.00";}}
ERROR - 2017-11-26 23:00:46 --> buscarDespesasPorPeriodo[resultado]:a:1:{i:0;a:2:{s:4:"Nome";s:2:"11";s:5:"Valor";s:7:"5566.00";}}
ERROR - 2017-11-26 23:00:47 --> buscarDespesasPorPeriodo[resultado]:a:1:{i:0;a:2:{s:4:"Nome";s:2:"11";s:5:"Valor";s:7:"5566.00";}}
ERROR - 2017-11-26 23:00:48 --> buscarDespesasPorPeriodo[resultado]:a:1:{i:0;a:2:{s:4:"Nome";s:2:"11";s:5:"Valor";s:7:"5566.00";}}
ERROR - 2017-11-26 23:01:17 --> buscarDespesasPorPeriodo[resultado]:a:1:{i:0;a:2:{s:4:"Nome";s:2:"11";s:5:"Valor";s:7:"5566.00";}}
ERROR - 2017-11-26 23:01:18 --> buscarDespesasPorPeriodo[resultado]:a:1:{i:0;a:2:{s:4:"Nome";s:2:"11";s:5:"Valor";s:7:"5566.00";}}
ERROR - 2017-11-26 23:01:36 --> buscarDespesasPorPeriodo[resultado]:a:1:{i:0;a:2:{s:4:"Nome";s:2:"11";s:5:"Valor";s:7:"5566.00";}}
ERROR - 2017-11-26 23:01:44 --> buscarDespesasPorPeriodo[resultado]:a:1:{i:0;a:2:{s:4:"Nome";s:2:"11";s:5:"Valor";s:7:"5566.00";}}
ERROR - 2017-11-26 23:01:46 --> buscarDespesasPorPeriodo[resultado]:a:1:{i:0;a:2:{s:4:"Nome";s:2:"11";s:5:"Valor";s:7:"5566.00";}}
ERROR - 2017-11-26 23:02:04 --> buscarDespesasPorPeriodo[resultado]:a:1:{i:0;a:2:{s:4:"Nome";s:2:"11";s:5:"Valor";s:7:"5566.00";}}
ERROR - 2017-11-26 23:02:05 --> buscarDespesasPorPeriodo[resultado]:a:1:{i:0;a:2:{s:4:"Nome";s:2:"11";s:5:"Valor";s:7:"5566.00";}}
ERROR - 2017-11-26 23:02:08 --> buscarDespesasPorPeriodo[resultado]:a:1:{i:0;a:2:{s:4:"Nome";s:2:"11";s:5:"Valor";s:7:"5566.00";}}
ERROR - 2017-11-26 23:02:21 --> buscarDespesasPorPeriodo[resultado]:a:1:{i:0;a:2:{s:4:"Nome";s:2:"11";s:5:"Valor";s:7:"5566.00";}}
ERROR - 2017-11-26 23:02:40 --> buscarDespesasPorPeriodo[resultado]:a:1:{i:0;a:2:{s:4:"Nome";s:2:"11";s:5:"Valor";s:7:"5566.00";}}
ERROR - 2017-11-26 23:03:10 --> buscarDespesasPorPeriodo[resultado]:a:1:{i:0;a:2:{s:4:"Nome";s:2:"11";s:5:"Valor";s:7:"5566.00";}}
ERROR - 2017-11-26 23:03:13 --> buscarDespesasPorPeriodo[resultado]:a:1:{i:0;a:2:{s:4:"Nome";s:2:"11";s:5:"Valor";s:7:"5566.00";}}
ERROR - 2017-11-26 23:03:16 --> buscarDespesasPorPeriodo[resultado]:a:1:{i:0;a:2:{s:4:"Nome";s:2:"11";s:5:"Valor";s:7:"5566.00";}}
